DEBUG 2021-04-22 20:26:48.266 UTC: 	 CRAB Client version: v3.210323
DEBUG 2021-04-22 20:26:48.266 UTC: 	 Running on: Linux cmslpc177.fnal.gov 3.10.0-1160.21.1.el7.x86_64 #1 SMP Tue Mar 16 08:00:44 CDT 2021 x86_64 x86_64 x86_64 GNU/Linux - Scientific Linux 7.9 (Nitrogen)
DEBUG 2021-04-22 20:26:48.266 UTC: 	 Executing command: 'submit'
DEBUG 2021-04-22 20:26:48.268 UTC: 	 Found CRAB cache file /uscms/home/ballmond/.crab3
DEBUG 2021-04-22 20:26:48.273 UTC: 	 Will use CRAB Analysis plugin (i.e. will run an analysis job type).
DEBUG 2021-04-26 01:20:33.373 UTC: 	 CRAB Client version: v3.210323
DEBUG 2021-04-26 01:20:33.373 UTC: 	 Running on: Linux cmslpc112.fnal.gov 3.10.0-1160.21.1.el7.x86_64 #1 SMP Tue Mar 16 08:00:44 CDT 2021 x86_64 x86_64 x86_64 GNU/Linux - Scientific Linux 7.9 (Nitrogen)
DEBUG 2021-04-26 01:20:33.373 UTC: 	 Executing command: 'status'
DEBUG 2021-04-26 01:20:33.374 UTC: 	 Found CRAB cache file /uscms/home/ballmond/.crab3
ERROR 2021-04-26 01:20:33.389 UTC: 	 Error: crab_VBFHToTauTau_MINIAODSIM is not a valid CRAB project directory.
ERROR 2021-04-26 01:20:33.389 UTC: 	 Caught ClientException exception
Traceback (most recent call last):
  File "/cvmfs/cms.cern.ch/share/cms/crab-prod/v3.210323.00/bin/crab", line 165, in <module>
    client()
  File "/cvmfs/cms.cern.ch/share/cms/crab-prod/v3.210323.00/bin/crab", line 150, in __call__
    self.cmd = sub_cmd(self.logger, args[1:])
  File "/cvmfs/cms.cern.ch/share/cms/crab-prod/v3.210323.00/lib/CRABClient/Commands/status.py", line 39, in __init__
    SubCommand.__init__(self, logger, cmdargs)
  File "/cvmfs/cms.cern.ch/share/cms/crab-prod/v3.210323.00/lib/CRABClient/Commands/SubCommand.py", line 270, in __init__
    SubCommand.validateOptions(self)
  File "/cvmfs/cms.cern.ch/share/cms/crab-prod/v3.210323.00/lib/CRABClient/Commands/SubCommand.py", line 639, in validateOptions
    raise ConfigurationException(msg)
ConfigurationException: [91mError[0m: crab_VBFHToTauTau_MINIAODSIM is not a valid CRAB project directory.
INFO 2021-04-26 01:20:33.391 UTC: 	 Log file is /uscms_data/d3/ballmond/test-dir/CMSSW_10_2_16_UL/src/VBFTau/NtupleMaker/python/crab.log
DEBUG 2021-04-26 02:03:15.483 UTC: 	 CRAB Client version: v3.210323
DEBUG 2021-04-26 02:03:15.483 UTC: 	 Running on: Linux cmslpc112.fnal.gov 3.10.0-1160.21.1.el7.x86_64 #1 SMP Tue Mar 16 08:00:44 CDT 2021 x86_64 x86_64 x86_64 GNU/Linux - Scientific Linux 7.9 (Nitrogen)
DEBUG 2021-04-26 02:03:15.483 UTC: 	 Executing command: 'submit'
DEBUG 2021-04-26 02:03:15.495 UTC: 	 Found CRAB cache file /uscms/home/ballmond/.crab3
INFO 2021-04-26 02:03:15.563 UTC: 	 Will use CRAB configuration file crab.py
DEBUG 2021-04-26 02:03:15.563 UTC: 	 Loading CRAB configuration file.
ERROR 2021-04-26 02:03:15.586 UTC: 	 The 'dryrun' option is not compatible with the 'Automatic' splitting mode (default).
The documentation about the CRAB configuration file can be found in https://twiki.cern.ch/twiki/bin/view/CMSPublic/CRAB3ConfigurationFile
ERROR 2021-04-26 02:03:15.586 UTC: 	 Caught ClientException exception
Traceback (most recent call last):
  File "/cvmfs/cms.cern.ch/share/cms/crab-prod/v3.210323.00/bin/crab", line 165, in <module>
    client()
  File "/cvmfs/cms.cern.ch/share/cms/crab-prod/v3.210323.00/bin/crab", line 150, in __call__
    self.cmd = sub_cmd(self.logger, args[1:])
  File "/cvmfs/cms.cern.ch/share/cms/crab-prod/v3.210323.00/lib/CRABClient/Commands/submit.py", line 34, in __init__
    SubCommand.__init__(self, logger, cmdargs, disable_interspersed_args=True)
  File "/cvmfs/cms.cern.ch/share/cms/crab-prod/v3.210323.00/lib/CRABClient/Commands/SubCommand.py", line 311, in __init__
    self.loadConfig(self.options.config, self.args)
  File "/cvmfs/cms.cern.ch/share/cms/crab-prod/v3.210323.00/lib/CRABClient/Commands/SubCommand.py", line 95, in loadConfig
    raise ConfigurationException(configmsg)
ConfigurationException: The 'dryrun' option is not compatible with the 'Automatic' splitting mode (default).
The documentation about the CRAB configuration file can be found in https://twiki.cern.ch/twiki/bin/view/CMSPublic/CRAB3ConfigurationFile
INFO 2021-04-26 02:03:15.588 UTC: 	 Log file is /uscms_data/d3/ballmond/test-dir/CMSSW_10_2_16_UL/src/VBFTau/NtupleMaker/python/crab.log
DEBUG 2021-04-26 02:03:37.647 UTC: 	 CRAB Client version: v3.210323
DEBUG 2021-04-26 02:03:37.647 UTC: 	 Running on: Linux cmslpc112.fnal.gov 3.10.0-1160.21.1.el7.x86_64 #1 SMP Tue Mar 16 08:00:44 CDT 2021 x86_64 x86_64 x86_64 GNU/Linux - Scientific Linux 7.9 (Nitrogen)
DEBUG 2021-04-26 02:03:37.648 UTC: 	 Executing command: 'submit'
DEBUG 2021-04-26 02:03:37.648 UTC: 	 Found CRAB cache file /uscms/home/ballmond/.crab3
INFO 2021-04-26 02:03:37.649 UTC: 	 Will use CRAB configuration file crab.py
DEBUG 2021-04-26 02:03:37.649 UTC: 	 Loading CRAB configuration file.
DEBUG 2021-04-26 02:03:37.660 UTC: 	 Will use CRAB Analysis plugin (i.e. will run an analysis job type).
ERROR 2021-04-26 02:03:37.660 UTC: 	 Invalid CRAB configuration:
 when ignoreLocality is set a valid site white list must be specified using the Site.whitelist parameter
The documentation about the CRAB configuration file can be found in https://twiki.cern.ch/twiki/bin/view/CMSPublic/CRAB3ConfigurationFile
ERROR 2021-04-26 02:03:37.660 UTC: 	 Caught ClientException exception
Traceback (most recent call last):
  File "/cvmfs/cms.cern.ch/share/cms/crab-prod/v3.210323.00/bin/crab", line 165, in <module>
    client()
  File "/cvmfs/cms.cern.ch/share/cms/crab-prod/v3.210323.00/bin/crab", line 150, in __call__
    self.cmd = sub_cmd(self.logger, args[1:])
  File "/cvmfs/cms.cern.ch/share/cms/crab-prod/v3.210323.00/lib/CRABClient/Commands/submit.py", line 34, in __init__
    SubCommand.__init__(self, logger, cmdargs, disable_interspersed_args=True)
  File "/cvmfs/cms.cern.ch/share/cms/crab-prod/v3.210323.00/lib/CRABClient/Commands/SubCommand.py", line 311, in __init__
    self.loadConfig(self.options.config, self.args)
  File "/cvmfs/cms.cern.ch/share/cms/crab-prod/v3.210323.00/lib/CRABClient/Commands/SubCommand.py", line 95, in loadConfig
    raise ConfigurationException(configmsg)
ConfigurationException: Invalid CRAB configuration:
 when ignoreLocality is set a valid site white list must be specified using the Site.whitelist parameter
The documentation about the CRAB configuration file can be found in https://twiki.cern.ch/twiki/bin/view/CMSPublic/CRAB3ConfigurationFile
INFO 2021-04-26 02:03:37.662 UTC: 	 Log file is /uscms_data/d3/ballmond/test-dir/CMSSW_10_2_16_UL/src/VBFTau/NtupleMaker/python/crab.log
DEBUG 2021-04-26 02:05:26.092 UTC: 	 CRAB Client version: v3.210323
DEBUG 2021-04-26 02:05:26.092 UTC: 	 Running on: Linux cmslpc112.fnal.gov 3.10.0-1160.21.1.el7.x86_64 #1 SMP Tue Mar 16 08:00:44 CDT 2021 x86_64 x86_64 x86_64 GNU/Linux - Scientific Linux 7.9 (Nitrogen)
DEBUG 2021-04-26 02:05:26.092 UTC: 	 Executing command: 'submit'
DEBUG 2021-04-26 02:05:26.092 UTC: 	 Found CRAB cache file /uscms/home/ballmond/.crab3
INFO 2021-04-26 02:05:26.094 UTC: 	 Will use CRAB configuration file crab.py
DEBUG 2021-04-26 02:05:26.094 UTC: 	 Loading CRAB configuration file.
ERROR 2021-04-26 02:05:26.103 UTC: 	 Error while loading CRAB configuration:
name 'Site' is not defined
Please refer to https://twiki.cern.ch/twiki/bin/view/CMSPublic/CRAB3CommonErrors#Syntax_error_in_CRAB_configurati
See the ./crab.log file for more details.
The documentation about the CRAB configuration file can be found in https://twiki.cern.ch/twiki/bin/view/CMSPublic/CRAB3ConfigurationFile
ERROR 2021-04-26 02:05:26.103 UTC: 	 Caught ClientException exception
Traceback (most recent call last):
  File "/cvmfs/cms.cern.ch/share/cms/crab-prod/v3.210323.00/bin/crab", line 165, in <module>
    client()
  File "/cvmfs/cms.cern.ch/share/cms/crab-prod/v3.210323.00/bin/crab", line 150, in __call__
    self.cmd = sub_cmd(self.logger, args[1:])
  File "/cvmfs/cms.cern.ch/share/cms/crab-prod/v3.210323.00/lib/CRABClient/Commands/submit.py", line 34, in __init__
    SubCommand.__init__(self, logger, cmdargs, disable_interspersed_args=True)
  File "/cvmfs/cms.cern.ch/share/cms/crab-prod/v3.210323.00/lib/CRABClient/Commands/SubCommand.py", line 311, in __init__
    self.loadConfig(self.options.config, self.args)
  File "/cvmfs/cms.cern.ch/share/cms/crab-prod/v3.210323.00/lib/CRABClient/Commands/SubCommand.py", line 90, in loadConfig
    raise ConfigurationException(configmsg)
ConfigurationException: Error while loading CRAB configuration:
name 'Site' is not defined
Please refer to https://twiki.cern.ch/twiki/bin/view/CMSPublic/CRAB3CommonErrors#Syntax_error_in_CRAB_configurati
See the ./crab.log file for more details.
The documentation about the CRAB configuration file can be found in https://twiki.cern.ch/twiki/bin/view/CMSPublic/CRAB3ConfigurationFile
INFO 2021-04-26 02:05:26.104 UTC: 	 Log file is /uscms_data/d3/ballmond/test-dir/CMSSW_10_2_16_UL/src/VBFTau/NtupleMaker/python/crab.log
DEBUG 2021-04-26 02:07:20.905 UTC: 	 CRAB Client version: v3.210323
DEBUG 2021-04-26 02:07:20.906 UTC: 	 Running on: Linux cmslpc112.fnal.gov 3.10.0-1160.21.1.el7.x86_64 #1 SMP Tue Mar 16 08:00:44 CDT 2021 x86_64 x86_64 x86_64 GNU/Linux - Scientific Linux 7.9 (Nitrogen)
DEBUG 2021-04-26 02:07:20.906 UTC: 	 Executing command: 'submit'
DEBUG 2021-04-26 02:07:20.906 UTC: 	 Found CRAB cache file /uscms/home/ballmond/.crab3
DEBUG 2021-04-26 13:35:53.893 UTC: 	 CRAB Client version: v3.210323
DEBUG 2021-04-26 13:35:53.893 UTC: 	 Running on: Linux cmslpc131.fnal.gov 3.10.0-1160.21.1.el7.x86_64 #1 SMP Tue Mar 16 08:00:44 CDT 2021 x86_64 x86_64 x86_64 GNU/Linux - Scientific Linux 7.9 (Nitrogen)
DEBUG 2021-04-26 13:35:53.893 UTC: 	 Executing command: 'submit'
DEBUG 2021-04-26 13:35:53.894 UTC: 	 Found CRAB cache file /uscms/home/ballmond/.crab3
DEBUG 2021-04-26 13:36:46.273 UTC: 	 CRAB Client version: v3.210323
DEBUG 2021-04-26 13:36:46.274 UTC: 	 Running on: Linux cmslpc131.fnal.gov 3.10.0-1160.21.1.el7.x86_64 #1 SMP Tue Mar 16 08:00:44 CDT 2021 x86_64 x86_64 x86_64 GNU/Linux - Scientific Linux 7.9 (Nitrogen)
DEBUG 2021-04-26 13:36:46.274 UTC: 	 Executing command: 'submit'
DEBUG 2021-04-26 13:36:46.275 UTC: 	 Found CRAB cache file /uscms/home/ballmond/.crab3
DEBUG 2021-04-26 13:36:46.277 UTC: 	 Will use CRAB Analysis plugin (i.e. will run an analysis job type).
DEBUG 2021-04-26 13:53:01.981 UTC: 	 CRAB Client version: v3.210323
DEBUG 2021-04-26 13:53:01.981 UTC: 	 Running on: Linux cmslpc131.fnal.gov 3.10.0-1160.21.1.el7.x86_64 #1 SMP Tue Mar 16 08:00:44 CDT 2021 x86_64 x86_64 x86_64 GNU/Linux - Scientific Linux 7.9 (Nitrogen)
DEBUG 2021-04-26 13:53:01.981 UTC: 	 Executing command: 'submit'
DEBUG 2021-04-26 13:53:01.981 UTC: 	 Found CRAB cache file /uscms/home/ballmond/.crab3
DEBUG 2021-04-26 13:53:01.989 UTC: 	 Will use CRAB Analysis plugin (i.e. will run an analysis job type).
DEBUG 2021-04-26 14:50:59.924 UTC: 	 CRAB Client version: v3.210323
DEBUG 2021-04-26 14:50:59.924 UTC: 	 Running on: Linux cmslpc148.fnal.gov 3.10.0-1160.21.1.el7.x86_64 #1 SMP Tue Mar 16 08:00:44 CDT 2021 x86_64 x86_64 x86_64 GNU/Linux - Scientific Linux 7.9 (Nitrogen)
DEBUG 2021-04-26 14:50:59.924 UTC: 	 Executing command: 'status'
DEBUG 2021-04-26 14:50:59.925 UTC: 	 Found CRAB cache file /uscms/home/ballmond/.crab3
ERROR 2021-04-26 14:50:59.931 UTC: 	 Error: crab_VBFHToTauTau_GENSIMRAW_full_hlt_w_conf is not a valid CRAB project directory.
ERROR 2021-04-26 14:50:59.931 UTC: 	 Caught ClientException exception
Traceback (most recent call last):
  File "/cvmfs/cms.cern.ch/share/cms/crab-prod/v3.210323.00/bin/crab", line 165, in <module>
    client()
  File "/cvmfs/cms.cern.ch/share/cms/crab-prod/v3.210323.00/bin/crab", line 150, in __call__
    self.cmd = sub_cmd(self.logger, args[1:])
  File "/cvmfs/cms.cern.ch/share/cms/crab-prod/v3.210323.00/lib/CRABClient/Commands/status.py", line 39, in __init__
    SubCommand.__init__(self, logger, cmdargs)
  File "/cvmfs/cms.cern.ch/share/cms/crab-prod/v3.210323.00/lib/CRABClient/Commands/SubCommand.py", line 270, in __init__
    SubCommand.validateOptions(self)
  File "/cvmfs/cms.cern.ch/share/cms/crab-prod/v3.210323.00/lib/CRABClient/Commands/SubCommand.py", line 639, in validateOptions
    raise ConfigurationException(msg)
ConfigurationException: [91mError[0m: crab_VBFHToTauTau_GENSIMRAW_full_hlt_w_conf is not a valid CRAB project directory.
INFO 2021-04-26 14:50:59.933 UTC: 	 Log file is /uscms_data/d3/ballmond/test-dir/CMSSW_10_2_16_UL/src/VBFTau/NtupleMaker/python/crab.log
DEBUG 2021-04-28 20:52:56.430 UTC: 	 CRAB Client version: v3.210323
DEBUG 2021-04-28 20:52:56.430 UTC: 	 Running on: Linux cmslpc154.fnal.gov 3.10.0-1160.21.1.el7.x86_64 #1 SMP Tue Mar 16 08:00:44 CDT 2021 x86_64 x86_64 x86_64 GNU/Linux - Scientific Linux 7.9 (Nitrogen)
DEBUG 2021-04-28 20:52:56.430 UTC: 	 Executing command: 'submit'
DEBUG 2021-04-28 20:52:56.431 UTC: 	 Found CRAB cache file /uscms/home/ballmond/.crab3
DEBUG 2021-04-28 20:52:56.434 UTC: 	 Will use CRAB Analysis plugin (i.e. will run an analysis job type).
DEBUG 2021-05-03 05:56:20.124 UTC: 	 CRAB Client version: v3.210323
DEBUG 2021-05-03 05:56:20.124 UTC: 	 Running on: Linux cmslpc162.fnal.gov 3.10.0-1160.21.1.el7.x86_64 #1 SMP Tue Mar 16 08:00:44 CDT 2021 x86_64 x86_64 x86_64 GNU/Linux - Scientific Linux 7.9 (Nitrogen)
DEBUG 2021-05-03 05:56:20.124 UTC: 	 Executing command: 'submit'
DEBUG 2021-05-03 05:56:20.124 UTC: 	 Found CRAB cache file /uscms/home/ballmond/.crab3
DEBUG 2021-05-03 05:56:20.137 UTC: 	 Will use CRAB Analysis plugin (i.e. will run an analysis job type).
